{"/Users/ivanurga/frontend-project-lvl2/src/diff.js": {"path":"/Users/ivanurga/frontend-project-lvl2/src/diff.js","all":false,"statementMap":{"0":{"start":{"line":1,"column":0},"end":{"line":1,"column":20}},"1":{"start":{"line":2,"column":0},"end":{"line":2,"column":36}},"2":{"start":{"line":3,"column":0},"end":{"line":3,"column":37}},"3":{"start":{"line":4,"column":0},"end":{"line":4,"column":23}},"4":{"start":{"line":5,"column":0},"end":{"line":5,"column":0}},"5":{"start":{"line":6,"column":0},"end":{"line":6,"column":35}},"6":{"start":{"line":7,"column":0},"end":{"line":7,"column":52}},"7":{"start":{"line":8,"column":0},"end":{"line":8,"column":40}},"8":{"start":{"line":9,"column":0},"end":{"line":9,"column":92}},"9":{"start":{"line":10,"column":0},"end":{"line":10,"column":84}},"10":{"start":{"line":11,"column":0},"end":{"line":11,"column":0}},"11":{"start":{"line":12,"column":0},"end":{"line":12,"column":44}},"12":{"start":{"line":13,"column":0},"end":{"line":13,"column":44}},"13":{"start":{"line":14,"column":0},"end":{"line":14,"column":0}},"14":{"start":{"line":15,"column":0},"end":{"line":15,"column":35}},"15":{"start":{"line":16,"column":0},"end":{"line":16,"column":35}},"16":{"start":{"line":17,"column":0},"end":{"line":17,"column":52}},"17":{"start":{"line":18,"column":0},"end":{"line":18,"column":0}},"18":{"start":{"line":19,"column":0},"end":{"line":19,"column":43}},"19":{"start":{"line":20,"column":0},"end":{"line":20,"column":17}},"20":{"start":{"line":21,"column":0},"end":{"line":21,"column":37}},"21":{"start":{"line":22,"column":0},"end":{"line":22,"column":46}},"22":{"start":{"line":23,"column":0},"end":{"line":23,"column":44}},"23":{"start":{"line":24,"column":0},"end":{"line":24,"column":46}},"24":{"start":{"line":25,"column":0},"end":{"line":25,"column":43}},"25":{"start":{"line":26,"column":0},"end":{"line":26,"column":73}},"26":{"start":{"line":27,"column":0},"end":{"line":27,"column":12}},"27":{"start":{"line":28,"column":0},"end":{"line":28,"column":46}},"28":{"start":{"line":29,"column":0},"end":{"line":29,"column":5}},"29":{"start":{"line":30,"column":0},"end":{"line":30,"column":15}},"30":{"start":{"line":31,"column":0},"end":{"line":31,"column":5}},"31":{"start":{"line":32,"column":0},"end":{"line":32,"column":40}},"32":{"start":{"line":33,"column":0},"end":{"line":33,"column":31}},"33":{"start":{"line":34,"column":0},"end":{"line":34,"column":2}},"34":{"start":{"line":35,"column":0},"end":{"line":35,"column":23}}},"s":{"0":1,"1":1,"2":1,"3":1,"4":1,"5":1,"6":1,"7":1,"8":1,"9":1,"10":1,"11":1,"12":1,"13":1,"14":1,"15":1,"16":1,"17":1,"18":1,"19":5,"20":5,"21":1,"22":5,"23":2,"24":2,"25":1,"26":1,"27":1,"28":1,"29":5,"30":5,"31":1,"32":1,"33":1,"34":1},"branchMap":{"0":{"type":"branch","line":6,"loc":{"start":{"line":6,"column":16},"end":{"line":34,"column":2}},"locations":[{"start":{"line":6,"column":16},"end":{"line":34,"column":2}}]},"1":{"type":"branch","line":9,"loc":{"start":{"line":9,"column":26},"end":{"line":9,"column":43}},"locations":[{"start":{"line":9,"column":26},"end":{"line":9,"column":43}}]},"2":{"type":"branch","line":10,"loc":{"start":{"line":10,"column":20},"end":{"line":10,"column":35}},"locations":[{"start":{"line":10,"column":20},"end":{"line":10,"column":35}}]},"3":{"type":"branch","line":19,"loc":{"start":{"line":19,"column":34},"end":{"line":31,"column":5}},"locations":[{"start":{"line":19,"column":34},"end":{"line":31,"column":5}}]},"4":{"type":"branch","line":21,"loc":{"start":{"line":21,"column":36},"end":{"line":23,"column":11}},"locations":[{"start":{"line":21,"column":36},"end":{"line":23,"column":11}}]},"5":{"type":"branch","line":23,"loc":{"start":{"line":23,"column":5},"end":{"line":29,"column":5}},"locations":[{"start":{"line":23,"column":5},"end":{"line":29,"column":5}}]},"6":{"type":"branch","line":23,"loc":{"start":{"line":23,"column":43},"end":{"line":29,"column":5}},"locations":[{"start":{"line":23,"column":43},"end":{"line":29,"column":5}}]},"7":{"type":"branch","line":25,"loc":{"start":{"line":25,"column":42},"end":{"line":29,"column":5}},"locations":[{"start":{"line":25,"column":42},"end":{"line":29,"column":5}}]}},"b":{"0":[1],"1":[2],"2":[2],"3":[5],"4":[1],"5":[4],"6":[2],"7":[1]},"fnMap":{"0":{"name":"genDiff","decl":{"start":{"line":6,"column":16},"end":{"line":34,"column":2}},"loc":{"start":{"line":6,"column":16},"end":{"line":34,"column":2}},"line":6},"1":{"name":"getFixturePath","decl":{"start":{"line":9,"column":26},"end":{"line":9,"column":43}},"loc":{"start":{"line":9,"column":26},"end":{"line":9,"column":43}},"line":9},"2":{"name":"readFile","decl":{"start":{"line":10,"column":20},"end":{"line":10,"column":35}},"loc":{"start":{"line":10,"column":20},"end":{"line":10,"column":35}},"line":10}},"f":{"0":1,"1":2,"2":2}}
}
