TN:
SF:src/diff.js
FN:6,genDiff
FN:9,getFixturePath
FN:10,readFile
FNF:3
FNH:3
FNDA:1,genDiff
FNDA:2,getFixturePath
FNDA:2,readFile
DA:1,1
DA:2,1
DA:3,1
DA:4,1
DA:5,1
DA:6,1
DA:7,1
DA:8,1
DA:9,1
DA:10,1
DA:11,1
DA:12,1
DA:13,1
DA:14,1
DA:15,1
DA:16,1
DA:17,1
DA:18,1
DA:19,1
DA:20,5
DA:21,5
DA:22,1
DA:23,5
DA:24,2
DA:25,2
DA:26,1
DA:27,1
DA:28,1
DA:29,1
DA:30,5
DA:31,5
DA:32,1
DA:33,1
DA:34,1
DA:35,1
LF:35
LH:35
BRDA:6,0,0,1
BRDA:9,1,0,2
BRDA:10,2,0,2
BRDA:19,3,0,5
BRDA:21,4,0,1
BRDA:23,5,0,4
BRDA:23,6,0,2
BRDA:25,7,0,1
BRF:8
BRH:8
end_of_record
